<?xml version="1.0" encoding="UTF-8"?>
<!-- Generated by org.testng.reporters.JUnitXMLReporter -->
<testsuite ignored="0" hostname="DESKTOP-ILR81RO" failures="0" tests="3" name="Test" time="0.128" errors="0" timestamp="2024-10-26T11:25:53 IST">
  <testcase classname="jenkinsPractise.JenkinsPractise" name="login" time="0.015"/>
  <testcase classname="jenkinsPractise.JenkinsPractise" name="operation" time="0.004"/>
  <testcase classname="jenkinsPractise.JenkinsPractise" name="logout" time="0.004"/>
</testsuite> <!-- Test -->
