<?xml version="1.0" encoding="UTF-8"?>
<!-- Generated by org.testng.reporters.JUnitXMLReporter -->
<testsuite ignored="0" hostname="DESKTOP-ILR81RO" failures="0" tests="4" name="Test" time="12.362" errors="0" timestamp="2024-10-26T15:22:45 IST">
  <testcase classname="jenkinsPractise.JenkinsPractise" name="login" time="12.251"/>
  <testcase classname="jenkinsPractise.JenkinsPractise" name="operation" time="0.003"/>
  <testcase classname="jenkinsPractise.JenkinsPractise" name="logout" time="0.002"/>
  <testcase classname="jenkinsPractise.JenkinsPractise" name="payment" time="0.002"/>
</testsuite> <!-- Test -->
