<?xml version="1.0" encoding="UTF-8"?>
<testng-results ignored="0" total="4" passed="4" failed="0" skipped="0">
  <reporter-output>
  </reporter-output>
  <suite started-at="2024-10-26T15:22:33 IST" name="Suite" finished-at="2024-10-26T15:22:45 IST" duration-ms="12362">
    <groups>
    </groups>
    <test started-at="2024-10-26T15:22:33 IST" name="Test" finished-at="2024-10-26T15:22:45 IST" duration-ms="12362">
      <class name="jenkinsPractise.JenkinsPractise">
        <test-method signature="login()[pri:1, instance:jenkinsPractise.JenkinsPractise@351d00c0]" started-at="2024-10-26T15:22:33 IST" name="login" finished-at="2024-10-26T15:22:45 IST" duration-ms="12251" status="PASS">
          <reporter-output>
          </reporter-output>
        </test-method> <!-- login -->
        <test-method signature="operation()[pri:2, instance:jenkinsPractise.JenkinsPractise@351d00c0]" started-at="2024-10-26T15:22:45 IST" name="operation" finished-at="2024-10-26T15:22:45 IST" duration-ms="3" status="PASS">
          <reporter-output>
          </reporter-output>
        </test-method> <!-- operation -->
        <test-method signature="logout()[pri:3, instance:jenkinsPractise.JenkinsPractise@351d00c0]" started-at="2024-10-26T15:22:45 IST" name="logout" finished-at="2024-10-26T15:22:45 IST" duration-ms="2" status="PASS">
          <reporter-output>
          </reporter-output>
        </test-method> <!-- logout -->
        <test-method signature="payment()[pri:4, instance:jenkinsPractise.JenkinsPractise@351d00c0]" started-at="2024-10-26T15:22:45 IST" name="payment" finished-at="2024-10-26T15:22:45 IST" duration-ms="2" status="PASS">
          <reporter-output>
          </reporter-output>
        </test-method> <!-- payment -->
      </class> <!-- jenkinsPractise.JenkinsPractise -->
    </test> <!-- Test -->
  </suite> <!-- Suite -->
</testng-results>
