<?xml version="1.0" encoding="UTF-8"?>
<testng-results ignored="0" total="3" passed="3" failed="0" skipped="0">
  <reporter-output>
  </reporter-output>
  <suite started-at="2024-10-26T11:25:53 IST" name="Suite" finished-at="2024-10-26T11:25:53 IST" duration-ms="128">
    <groups>
    </groups>
    <test started-at="2024-10-26T11:25:53 IST" name="Test" finished-at="2024-10-26T11:25:53 IST" duration-ms="128">
      <class name="jenkinsPractise.JenkinsPractise">
        <test-method signature="login()[pri:1, instance:jenkinsPractise.JenkinsPractise@1283bb96]" started-at="2024-10-26T11:25:53 IST" name="login" finished-at="2024-10-26T11:25:53 IST" duration-ms="15" status="PASS">
          <reporter-output>
          </reporter-output>
        </test-method> <!-- login -->
        <test-method signature="operation()[pri:2, instance:jenkinsPractise.JenkinsPractise@1283bb96]" started-at="2024-10-26T11:25:53 IST" name="operation" finished-at="2024-10-26T11:25:53 IST" duration-ms="4" status="PASS">
          <reporter-output>
          </reporter-output>
        </test-method> <!-- operation -->
        <test-method signature="logout()[pri:3, instance:jenkinsPractise.JenkinsPractise@1283bb96]" started-at="2024-10-26T11:25:53 IST" name="logout" finished-at="2024-10-26T11:25:53 IST" duration-ms="4" status="PASS">
          <reporter-output>
          </reporter-output>
        </test-method> <!-- logout -->
      </class> <!-- jenkinsPractise.JenkinsPractise -->
    </test> <!-- Test -->
  </suite> <!-- Suite -->
</testng-results>
