<?xml version="1.0" encoding="UTF-8"?>
<!-- Generated by org.testng.reporters.JUnitXMLReporter -->
<testsuite ignored="2" hostname="DESKTOP-ILR81RO" failures="0" tests="1" name="Default test" time="0.094" errors="0" timestamp="2024-10-26T11:24:26 IST">
  <testcase classname="jenkinsPractise.JenkinsPractise" name="login" time="0.013"/>
  <testcase classname="jenkinsPractise.JenkinsPractise" name="operation" time="0.0">
    <ignored/>
  </testcase> <!-- operation -->
  <testcase classname="jenkinsPractise.JenkinsPractise" name="logout" time="0.0">
    <ignored/>
  </testcase> <!-- logout -->
</testsuite> <!-- Default test -->
